<?xml version="1.0" encoding="UTF-8"?>
<!-- Generated by org.testng.reporters.JUnitXMLReporter -->
<testsuite ignored="0" hostname="MSI" failures="2" tests="3" name="Default test" time="4.834" errors="0" timestamp="2025-01-03T19:43:05 IST">
  <testcase classname="io.cucumber.testng.AbstractTestNGCucumberTests" name="runScenario" time="3.889"/>
  <testcase classname="io.cucumber.testng.AbstractTestNGCucumberTests" name="runScenario" time="0.176">
    <failure type="java.lang.AssertionError" message="Unexpected status code expected [400] but found [201]">
      <![CDATA[java.lang.AssertionError: Unexpected status code expected [400] but found [201]
at org.testng.Assert.fail(Assert.java:111)
at org.testng.Assert.failNotEquals(Assert.java:1578)
at org.testng.Assert.assertEqualsImpl(Assert.java:150)
at org.testng.Assert.assertEquals(Assert.java:132)
at org.testng.Assert.assertEquals(Assert.java:1419)
at org.testng.Assert.assertEquals(Assert.java:1383)
at stepDefinitions.BookApiSteps.iShouldReceiveAResponseWithStatusCode(BookApiSteps.java:47)
at ✽.I should receive a response with status code 400(file:///C:/Users/shakthi/eclipse-workspace/BDDFramework_BackEnd/src/test/resources/features/createBook.feature:17)
]]>
    </failure>
  </testcase> <!-- runScenario -->
  <testcase classname="io.cucumber.testng.AbstractTestNGCucumberTests" name="runScenario" time="0.176">
    <failure type="java.lang.AssertionError" message="Unexpected status code expected [400] but found [201]">
      <![CDATA[java.lang.AssertionError: Unexpected status code expected [400] but found [201]
at org.testng.Assert.fail(Assert.java:111)
at org.testng.Assert.failNotEquals(Assert.java:1578)
at org.testng.Assert.assertEqualsImpl(Assert.java:150)
at org.testng.Assert.assertEquals(Assert.java:132)
at org.testng.Assert.assertEquals(Assert.java:1419)
at org.testng.Assert.assertEquals(Assert.java:1383)
at stepDefinitions.BookApiSteps.iShouldReceiveAResponseWithStatusCode(BookApiSteps.java:47)
at ✽.I should receive a response with status code 400(file:///C:/Users/shakthi/eclipse-workspace/BDDFramework_BackEnd/src/test/resources/features/createBook.feature:25)
]]>
    </failure>
  </testcase> <!-- runScenario -->
</testsuite> <!-- Default test -->
